# JRE version: OpenJDK Runtime Environment Temurin-17.0.5+8 (17.0.5+8) (build 17.0.5+8)
# Java VM: OpenJDK 64-Bit Server VM Temurin-17.0.5+8 (17.0.5+8, mixed mode, tiered, compressed oops, compressed class ptrs, parallel gc, windows-amd64)
GC Precious Log:
 CPUs: 2 total, 2 available
 Memory: 1978M
 Large Page Support: Disabled
 NUMA Support: Disabled
 Compressed Oops: Enabled (32-bit)
 Alignments: Space 512K, Generation 512K, Heap 2M
 Heap Min Capacity: 100M
 Heap Initial Capacity: 100M
 Heap Max Capacity: 1G
 Pre-touch: Disabled
 Parallel Workers: 2
Heap:
 PSYoungGen      total 22528K, used 6332K [0x00000000eab00000, 0x00000000ed180000, 0x0000000100000000)
  eden space 21504K, 26% used [0x00000000eab00000,0x00000000eb0997d8,0x00000000ec000000)
  from space 1024K, 58% used [0x00000000ed080000,0x00000000ed115a20,0x00000000ed180000)
  to   space 2560K, 0% used [0x00000000ecc80000,0x00000000ecc80000,0x00000000ecf00000)
 ParOldGen       total 68608K, used 22495K [0x00000000c0000000, 0x00000000c4300000, 0x00000000eab00000)
  object space 68608K, 32% used [0x00000000c0000000,0x00000000c15f7c58,0x00000000c4300000)
 Metaspace       used 37650K, committed 38208K, reserved 1089536K
  class space    used 3901K, committed 4160K, reserved 1048576K
GC Heap History (20 events):
Event: 107.371 GC heap before
{Heap before GC invocations=6 (full 1):
 PSYoungGen      total 29696K, used 25600K [0x00000000eab00000, 0x00000000ecc00000, 0x0000000100000000)
  eden space 25600K, 100% used [0x00000000eab00000,0x00000000ec400000,0x00000000ec400000)
  from space 4096K, 0% used [0x00000000ec800000,0x00000000ec800000,0x00000000ecc00000)
  to   space 4096K, 0% used [0x00000000ec400000,0x00000000ec400000,0x00000000ec800000)
 ParOldGen       total 68608K, used 7237K [0x00000000c0000000, 0x00000000c4300000, 0x00000000eab00000)
  object space 68608K, 10% used [0x00000000c0000000,0x00000000c07117f0,0x00000000c4300000)
 Metaspace       used 24557K, committed 25024K, reserved 1073152K
  class space    used 2395K, committed 2624K, reserved 1048576K
}
Event: 107.375 GC heap after
{Heap after GC invocations=6 (full 1):
 PSYoungGen      total 25600K, used 237K [0x00000000eab00000, 0x00000000ec880000, 0x0000000100000000)
  eden space 25088K, 0% used [0x00000000eab00000,0x00000000eab00000,0x00000000ec380000)
  from space 512K, 46% used [0x00000000ec400000,0x00000000ec43b600,0x00000000ec480000)
  to   space 2048K, 0% used [0x00000000ec680000,0x00000000ec680000,0x00000000ec880000)
 ParOldGen       total 68608K, used 7245K [0x00000000c0000000, 0x00000000c4300000, 0x00000000eab00000)
  object space 68608K, 10% used [0x00000000c0000000,0x00000000c07137f0,0x00000000c4300000)
 Metaspace       used 24557K, committed 25024K, reserved 1073152K
  class space    used 2395K, committed 2624K, reserved 1048576K
}
Event: 121.905 GC heap before
{Heap before GC invocations=7 (full 1):
 PSYoungGen      total 25600K, used 25325K [0x00000000eab00000, 0x00000000ec880000, 0x0000000100000000)
  eden space 25088K, 100% used [0x00000000eab00000,0x00000000ec380000,0x00000000ec380000)
  from space 512K, 46% used [0x00000000ec400000,0x00000000ec43b600,0x00000000ec480000)
  to   space 2048K, 0% used [0x00000000ec680000,0x00000000ec680000,0x00000000ec880000)
 ParOldGen       total 68608K, used 7245K [0x00000000c0000000, 0x00000000c4300000, 0x00000000eab00000)
  object space 68608K, 10% used [0x00000000c0000000,0x00000000c07137f0,0x00000000c4300000)
 Metaspace       used 27550K, committed 27968K, reserved 1081344K
  class space    used 2664K, committed 2880K, reserved 1048576K
}
Event: 121.908 GC heap after
{Heap after GC invocations=7 (full 1):
 PSYoungGen      total 26112K, used 1088K [0x00000000eab00000, 0x00000000ec800000, 0x0000000100000000)
  eden space 24576K, 0% used [0x00000000eab00000,0x00000000eab00000,0x00000000ec300000)
  from space 1536K, 70% used [0x00000000ec680000,0x00000000ec790238,0x00000000ec800000)
  to   space 1536K, 0% used [0x00000000ec500000,0x00000000ec500000,0x00000000ec680000)
 ParOldGen       total 68608K, used 7253K [0x00000000c0000000, 0x00000000c4300000, 0x00000000eab00000)
  object space 68608K, 10% used [0x00000000c0000000,0x00000000c07157f0,0x00000000c4300000)
 Metaspace       used 27550K, committed 27968K, reserved 1081344K
  class space    used 2664K, committed 2880K, reserved 1048576K
}
Event: 462.673 GC heap before
{Heap before GC invocations=8 (full 1):
 PSYoungGen      total 26112K, used 25664K [0x00000000eab00000, 0x00000000ec800000, 0x0000000100000000)
  eden space 24576K, 100% used [0x00000000eab00000,0x00000000ec300000,0x00000000ec300000)
  from space 1536K, 70% used [0x00000000ec680000,0x00000000ec790238,0x00000000ec800000)
  to   space 1536K, 0% used [0x00000000ec500000,0x00000000ec500000,0x00000000ec680000)
 ParOldGen       total 68608K, used 7253K [0x00000000c0000000, 0x00000000c4300000, 0x00000000eab00000)
  object space 68608K, 10% used [0x00000000c0000000,0x00000000c07157f0,0x00000000c4300000)
 Metaspace       used 31903K, committed 32512K, reserved 1081344K
  class space    used 3217K, committed 3520K, reserved 1048576K
}
Event: 478.909 GC heap after
{Heap after GC invocations=8 (full 1):
 PSYoungGen      total 25600K, used 1532K [0x00000000eab00000, 0x00000000ec780000, 0x0000000100000000)
  eden space 24064K, 0% used [0x00000000eab00000,0x00000000eab00000,0x00000000ec280000)
  from space 1536K, 99% used [0x00000000ec500000,0x00000000ec67f200,0x00000000ec680000)
  to   space 1024K, 0% used [0x00000000ec680000,0x00000000ec680000,0x00000000ec780000)
 ParOldGen       total 68608K, used 7904K [0x00000000c0000000, 0x00000000c4300000, 0x00000000eab00000)
  object space 68608K, 11% used [0x00000000c0000000,0x00000000c07b81d0,0x00000000c4300000)
 Metaspace       used 31903K, committed 32512K, reserved 1081344K
  class space    used 3217K, committed 3520K, reserved 1048576K
}
Event: 772.414 GC heap before
{Heap before GC invocations=9 (full 1):
 PSYoungGen      total 25600K, used 25596K [0x00000000eab00000, 0x00000000ec780000, 0x0000000100000000)
  eden space 24064K, 100% used [0x00000000eab00000,0x00000000ec280000,0x00000000ec280000)
  from space 1536K, 99% used [0x00000000ec500000,0x00000000ec67f200,0x00000000ec680000)
  to   space 1024K, 0% used [0x00000000ec680000,0x00000000ec680000,0x00000000ec780000)
 ParOldGen       total 68608K, used 7904K [0x00000000c0000000, 0x00000000c4300000, 0x00000000eab00000)
  object space 68608K, 11% used [0x00000000c0000000,0x00000000c07b81d0,0x00000000c4300000)
 Metaspace       used 34622K, committed 35200K, reserved 1081344K
  class space    used 3509K, committed 3776K, reserved 1048576K
}
Event: 800.939 GC heap after
{Heap after GC invocations=9 (full 1):
 PSYoungGen      total 24576K, used 1011K [0x00000000eab00000, 0x00000000ec900000, 0x0000000100000000)
  eden space 23552K, 0% used [0x00000000eab00000,0x00000000eab00000,0x00000000ec200000)
  from space 1024K, 98% used [0x00000000ec680000,0x00000000ec77ce98,0x00000000ec780000)
  to   space 3584K, 0% used [0x00000000ec200000,0x00000000ec200000,0x00000000ec580000)
 ParOldGen       total 68608K, used 10181K [0x00000000c0000000, 0x00000000c4300000, 0x00000000eab00000)
  object space 68608K, 14% used [0x00000000c0000000,0x00000000c09f1598,0x00000000c4300000)
 Metaspace       used 34622K, committed 35200K, reserved 1081344K
  class space    used 3509K, committed 3776K, reserved 1048576K
}
Event: 850.488 GC heap before
{Heap before GC invocations=10 (full 1):
 PSYoungGen      total 24576K, used 24563K [0x00000000eab00000, 0x00000000ec900000, 0x0000000100000000)
  eden space 23552K, 100% used [0x00000000eab00000,0x00000000ec200000,0x00000000ec200000)
  from space 1024K, 98% used [0x00000000ec680000,0x00000000ec77ce98,0x00000000ec780000)
  to   space 3584K, 0% used [0x00000000ec200000,0x00000000ec200000,0x00000000ec580000)
 ParOldGen       total 68608K, used 10181K [0x00000000c0000000, 0x00000000c4300000, 0x00000000eab00000)
  object space 68608K, 14% used [0x00000000c0000000,0x00000000c09f1598,0x00000000c4300000)
 Metaspace       used 34799K, committed 35392K, reserved 1081344K
  class space    used 3528K, committed 3776K, reserved 1048576K
}
Event: 851.022 GC heap after
{Heap after GC invocations=10 (full 1):
 PSYoungGen      total 26112K, used 2738K [0x00000000eab00000, 0x00000000ec780000, 0x0000000100000000)
  eden space 23040K, 0% used [0x00000000eab00000,0x00000000eab00000,0x00000000ec180000)
  from space 3072K, 89% used [0x00000000ec200000,0x00000000ec4aca38,0x00000000ec500000)
  to   space 2560K, 0% used [0x00000000ec500000,0x00000000ec500000,0x00000000ec780000)
 ParOldGen       total 68608K, used 10598K [0x00000000c0000000, 0x00000000c4300000, 0x00000000eab00000)
  object space 68608K, 15% used [0x00000000c0000000,0x00000000c0a59a30,0x00000000c4300000)
 Metaspace       used 34799K, committed 35392K, reserved 1081344K
  class space    used 3528K, committed 3776K, reserved 1048576K
}
Event: 855.993 GC heap before
{Heap before GC invocations=11 (full 1):
 PSYoungGen      total 26112K, used 25778K [0x00000000eab00000, 0x00000000ec780000, 0x0000000100000000)
  eden space 23040K, 100% used [0x00000000eab00000,0x00000000ec180000,0x00000000ec180000)
  from space 3072K, 89% used [0x00000000ec200000,0x00000000ec4aca38,0x00000000ec500000)
  to   space 2560K, 0% used [0x00000000ec500000,0x00000000ec500000,0x00000000ec780000)
 ParOldGen       total 68608K, used 10598K [0x00000000c0000000, 0x00000000c4300000, 0x00000000eab00000)
  object space 68608K, 15% used [0x00000000c0000000,0x00000000c0a59a30,0x00000000c4300000)
 Metaspace       used 34868K, committed 35456K, reserved 1081344K
  class space    used 3540K, committed 3840K, reserved 1048576K
}
Event: 856.384 GC heap after
{Heap after GC invocations=11 (full 1):
 PSYoungGen      total 23040K, used 2528K [0x00000000eab00000, 0x00000000ecd00000, 0x0000000100000000)
  eden space 20480K, 0% used [0x00000000eab00000,0x00000000eab00000,0x00000000ebf00000)
  from space 2560K, 98% used [0x00000000ec500000,0x00000000ec778010,0x00000000ec780000)
  to   space 6144K, 0% used [0x00000000ebf00000,0x00000000ebf00000,0x00000000ec500000)
 ParOldGen       total 68608K, used 13320K [0x00000000c0000000, 0x00000000c4300000, 0x00000000eab00000)
  object space 68608K, 19% used [0x00000000c0000000,0x00000000c0d022d8,0x00000000c4300000)
 Metaspace       used 34868K, committed 35456K, reserved 1081344K
  class space    used 3540K, committed 3840K, reserved 1048576K
}
Event: 857.326 GC heap before
{Heap before GC invocations=12 (full 1):
 PSYoungGen      total 23040K, used 23008K [0x00000000eab00000, 0x00000000ecd00000, 0x0000000100000000)
  eden space 20480K, 100% used [0x00000000eab00000,0x00000000ebf00000,0x00000000ebf00000)
  from space 2560K, 98% used [0x00000000ec500000,0x00000000ec778010,0x00000000ec780000)
  to   space 6144K, 0% used [0x00000000ebf00000,0x00000000ebf00000,0x00000000ec500000)
 ParOldGen       total 68608K, used 13320K [0x00000000c0000000, 0x00000000c4300000, 0x00000000eab00000)
  object space 68608K, 19% used [0x00000000c0000000,0x00000000c0d022d8,0x00000000c4300000)
 Metaspace       used 34869K, committed 35456K, reserved 1081344K
  class space    used 3540K, committed 3840K, reserved 1048576K
}
Event: 857.563 GC heap after
{Heap after GC invocations=12 (full 1):
 PSYoungGen      total 23040K, used 2080K [0x00000000eab00000, 0x00000000ec600000, 0x0000000100000000)
  eden space 20480K, 0% used [0x00000000eab00000,0x00000000eab00000,0x00000000ebf00000)
  from space 2560K, 81% used [0x00000000ebf00000,0x00000000ec108000,0x00000000ec180000)
  to   space 3584K, 0% used [0x00000000ec280000,0x00000000ec280000,0x00000000ec600000)
 ParOldGen       total 68608K, used 15861K [0x00000000c0000000, 0x00000000c4300000, 0x00000000eab00000)
  object space 68608K, 23% used [0x00000000c0000000,0x00000000c0f7d640,0x00000000c4300000)
 Metaspace       used 34869K, committed 35456K, reserved 1081344K
  class space    used 3540K, committed 3840K, reserved 1048576K
}
Event: 857.823 GC heap before
{Heap before GC invocations=13 (full 1):
 PSYoungGen      total 23040K, used 22560K [0x00000000eab00000, 0x00000000ec600000, 0x0000000100000000)
  eden space 20480K, 100% used [0x00000000eab00000,0x00000000ebf00000,0x00000000ebf00000)
  from space 2560K, 81% used [0x00000000ebf00000,0x00000000ec108000,0x00000000ec180000)
  to   space 3584K, 0% used [0x00000000ec280000,0x00000000ec280000,0x00000000ec600000)
 ParOldGen       total 68608K, used 15861K [0x00000000c0000000, 0x00000000c4300000, 0x00000000eab00000)
  object space 68608K, 23% used [0x00000000c0000000,0x00000000c0f7d640,0x00000000c4300000)
 Metaspace       used 34869K, committed 35456K, reserved 1081344K
  class space    used 3540K, committed 3840K, reserved 1048576K
}
Event: 858.727 GC heap after
{Heap after GC invocations=13 (full 1):
 PSYoungGen      total 25088K, used 2400K [0x00000000eab00000, 0x00000000ed000000, 0x0000000100000000)
  eden space 21504K, 0% used [0x00000000eab00000,0x00000000eab00000,0x00000000ec000000)
  from space 3584K, 66% used [0x00000000ec280000,0x00000000ec4d8010,0x00000000ec600000)
  to   space 2560K, 0% used [0x00000000ec000000,0x00000000ec000000,0x00000000ec280000)
 ParOldGen       total 68608K, used 17941K [0x00000000c0000000, 0x00000000c4300000, 0x00000000eab00000)
  object space 68608K, 26% used [0x00000000c0000000,0x00000000c1185640,0x00000000c4300000)
 Metaspace       used 34869K, committed 35456K, reserved 1081344K
  class space    used 3540K, committed 3840K, reserved 1048576K
}
Event: 947.761 GC heap before
{Heap before GC invocations=14 (full 1):
 PSYoungGen      total 25088K, used 22284K [0x00000000eab00000, 0x00000000ed000000, 0x0000000100000000)
  eden space 21504K, 92% used [0x00000000eab00000,0x00000000ebe6b338,0x00000000ec000000)
  from space 3584K, 66% used [0x00000000ec280000,0x00000000ec4d8010,0x00000000ec600000)
  to   space 2560K, 0% used [0x00000000ec000000,0x00000000ec000000,0x00000000ec280000)
 ParOldGen       total 68608K, used 17941K [0x00000000c0000000, 0x00000000c4300000, 0x00000000eab00000)
  object space 68608K, 26% used [0x00000000c0000000,0x00000000c1185640,0x00000000c4300000)
 Metaspace       used 35250K, committed 35840K, reserved 1089536K
  class space    used 3578K, committed 3840K, reserved 1048576K
}
Event: 947.944 GC heap after
{Heap after GC invocations=14 (full 1):
 PSYoungGen      total 24064K, used 2532K [0x00000000eab00000, 0x00000000ed600000, 0x0000000100000000)
  eden space 21504K, 0% used [0x00000000eab00000,0x00000000eab00000,0x00000000ec000000)
  from space 2560K, 98% used [0x00000000ec000000,0x00000000ec2793d0,0x00000000ec280000)
  to   space 5632K, 0% used [0x00000000ed080000,0x00000000ed080000,0x00000000ed600000)
 ParOldGen       total 68608K, used 20402K [0x00000000c0000000, 0x00000000c4300000, 0x00000000eab00000)
  object space 68608K, 29% used [0x00000000c0000000,0x00000000c13ec9a8,0x00000000c4300000)
 Metaspace       used 35250K, committed 35840K, reserved 1089536K
  class space    used 3578K, committed 3840K, reserved 1048576K
}
Event: 947.954 GC heap before
{Heap before GC invocations=15 (full 2):
 PSYoungGen      total 24064K, used 2532K [0x00000000eab00000, 0x00000000ed600000, 0x0000000100000000)
  eden space 21504K, 0% used [0x00000000eab00000,0x00000000eab00000,0x00000000ec000000)
  from space 2560K, 98% used [0x00000000ec000000,0x00000000ec2793d0,0x00000000ec280000)
  to   space 5632K, 0% used [0x00000000ed080000,0x00000000ed080000,0x00000000ed600000)
 ParOldGen       total 68608K, used 20402K [0x00000000c0000000, 0x00000000c4300000, 0x00000000eab00000)
  object space 68608K, 29% used [0x00000000c0000000,0x00000000c13ec9a8,0x00000000c4300000)
 Metaspace       used 35250K, committed 35840K, reserved 1089536K
  class space    used 3578K, committed 3840K, reserved 1048576K
}
Event: 979.735 GC heap after
{Heap after GC invocations=15 (full 2):
 PSYoungGen      total 24064K, used 0K [0x00000000eab00000, 0x00000000ed600000, 0x0000000100000000)
  eden space 21504K, 0% used [0x00000000eab00000,0x00000000eab00000,0x00000000ec000000)
  from space 2560K, 0% used [0x00000000ec000000,0x00000000ec000000,0x00000000ec280000)
  to   space 5632K, 0% used [0x00000000ed080000,0x00000000ed080000,0x00000000ed600000)
 ParOldGen       total 68608K, used 22487K [0x00000000c0000000, 0x00000000c4300000, 0x00000000eab00000)
  object space 68608K, 32% used [0x00000000c0000000,0x00000000c15f5c58,0x00000000c4300000)
 Metaspace       used 35250K, committed 35840K, reserved 1089536K
  class space    used 3578K, committed 3840K, reserved 1048576K
}

